undefined method `length' for nil:NilClass

002_HgSs Pokegear.rb:566:in `showInformationTrainer'
002_HgSs Pokegear.rb:1109:in `choosePhoneMouse'
002_HgSs Pokegear.rb:178:in `start'
002_HgSs Pokegear.rb:68:in `loop'
002_HgSs Pokegear.rb:192:in `start'
002_HgSs Pokegear.rb:1396:in `pbStartScreen'
001_PScreen_PauseMenu.rb:203:in `pbStartPokemonMenu'
001_PScreen_PauseMenu.rb:200:in `pbFadeOutIn'
001_PScreen_PauseMenu.rb:205:in `pbStartPokemonMenu'
001_PScreen_PauseMenu.rb:144:in `loop'
001_PScreen_PauseMenu.rb:274:in `pbStartPokemonMenu'
002_Scene_Map.rb:107:in `call_menu'
002_Scene_Map.rb:206:in `update'
002_Scene_Map.rb:229:in `main'
002_Scene_Map.rb:226:in `loop'
002_Scene_Map.rb:231:in `main'
999_Main.rb:45:in `mainFunctionDebug'
999_Main.rb:26:in `mainFunction'
999_Main.rb:55:in `load_scripts_from_folder'
999_Main.rb:54:in `loop'
999_Main.rb:63:in `load_scripts_from_folder'
Section000:28:in `eval'
Section000:31:in `load_scripts_from_folder'
Section000:28:in `each'
Section000:28:in `load_scripts_from_folder'
Section000:41:in `load_scripts_from_folder'
Section000:40:in `each'
Section000:40:in `load_scripts_from_folder'
Section000:45